
------------------------
2024.05.23 17:41:06
element
Array
(
    [ID] => 2171
    [NAME] => Проверка маркировки предыдущего этапа перед этапом сборки
    [CODE] => 0.1
    [PREVIEW_TEXT] => <div>
	<div>
		<div>
			 1. Установлен датчик положения коленвала, крепеж промаркирован<br>
		</div>
	</div>
 <br>
</div>
 &nbsp;<br>
    [MODIFIED_BY] => 550
    [IBLOCK_ELEMENTS_ELEMENT_CHECKCONTENT_MORE_PHOTE_FILE_ID] => 5508
    [IBLOCK_ELEMENTS_ELEMENT_CHECKCONTENT_MORE_PHOTE_FILE_TIMESTAMP_X] => Bitrix\Main\Type\DateTime Object
        (
            [value:protected] => DateTime Object
                (
                    [date] => 2024-03-22 11:22:51.000000
                    [timezone_type] => 3
                    [timezone] => Europe/Moscow
                )

            [userTimeEnabled:protected] => 1
        )

    [IBLOCK_ELEMENTS_ELEMENT_CHECKCONTENT_MORE_PHOTE_FILE_MODULE_ID] => iblock
    [IBLOCK_ELEMENTS_ELEMENT_CHECKCONTENT_MORE_PHOTE_FILE_HEIGHT] => 1280
    [IBLOCK_ELEMENTS_ELEMENT_CHECKCONTENT_MORE_PHOTE_FILE_WIDTH] => 1280
    [IBLOCK_ELEMENTS_ELEMENT_CHECKCONTENT_MORE_PHOTE_FILE_FILE_SIZE] => 169267
    [IBLOCK_ELEMENTS_ELEMENT_CHECKCONTENT_MORE_PHOTE_FILE_CONTENT_TYPE] => image/jpeg
    [IBLOCK_ELEMENTS_ELEMENT_CHECKCONTENT_MORE_PHOTE_FILE_SUBDIR] => iblock/534/7vkejmhobolnaa0hzuj93npn3n1dt5pb
    [IBLOCK_ELEMENTS_ELEMENT_CHECKCONTENT_MORE_PHOTE_FILE_FILE_NAME] => 0.1.jpg
    [IBLOCK_ELEMENTS_ELEMENT_CHECKCONTENT_MORE_PHOTE_FILE_ORIGINAL_NAME] => 0.1.jpg
    [IBLOCK_ELEMENTS_ELEMENT_CHECKCONTENT_MORE_PHOTE_FILE_DESCRIPTION] => 
    [IBLOCK_ELEMENTS_ELEMENT_CHECKCONTENT_MORE_PHOTE_FILE_HANDLER_ID] => 
    [IBLOCK_ELEMENTS_ELEMENT_CHECKCONTENT_MORE_PHOTE_FILE_EXTERNAL_ID] => ba1985f49b80c0c5003c332175f03af6
    [IBLOCK_ELEMENTS_ELEMENT_CHECKCONTENT_IBLOCK_SECTION_ID] => 161
    [IBLOCK_ELEMENTS_ELEMENT_CHECKCONTENT_IBLOCK_SECTION_TIMESTAMP_X] => Bitrix\Main\Type\DateTime Object
        (
            [value:protected] => DateTime Object
                (
                    [date] => 2024-04-09 09:55:03.000000
                    [timezone_type] => 3
                    [timezone] => Europe/Moscow
                )

            [userTimeEnabled:protected] => 1
        )

    [IBLOCK_ELEMENTS_ELEMENT_CHECKCONTENT_IBLOCK_SECTION_MODIFIED_BY] => 1
    [IBLOCK_ELEMENTS_ELEMENT_CHECKCONTENT_IBLOCK_SECTION_DATE_CREATE] => Bitrix\Main\Type\DateTime Object
        (
            [value:protected] => DateTime Object
                (
                    [date] => 2023-12-27 10:52:56.000000
                    [timezone_type] => 3
                    [timezone] => Europe/Moscow
                )

            [userTimeEnabled:protected] => 1
        )

    [IBLOCK_ELEMENTS_ELEMENT_CHECKCONTENT_IBLOCK_SECTION_CREATED_BY] => 379
    [IBLOCK_ELEMENTS_ELEMENT_CHECKCONTENT_IBLOCK_SECTION_IBLOCK_ID] => 59
    [IBLOCK_ELEMENTS_ELEMENT_CHECKCONTENT_IBLOCK_SECTION_IBLOCK_SECTION_ID] => 156
    [IBLOCK_ELEMENTS_ELEMENT_CHECKCONTENT_IBLOCK_SECTION_ACTIVE] => Y
    [IBLOCK_ELEMENTS_ELEMENT_CHECKCONTENT_IBLOCK_SECTION_GLOBAL_ACTIVE] => Y
    [IBLOCK_ELEMENTS_ELEMENT_CHECKCONTENT_IBLOCK_SECTION_SORT] => 1
    [IBLOCK_ELEMENTS_ELEMENT_CHECKCONTENT_IBLOCK_SECTION_NAME] => 1 Этап: Установка рам, мостов, ДВС
    [IBLOCK_ELEMENTS_ELEMENT_CHECKCONTENT_IBLOCK_SECTION_PICTURE] => 
    [IBLOCK_ELEMENTS_ELEMENT_CHECKCONTENT_IBLOCK_SECTION_LEFT_MARGIN] => 3
    [IBLOCK_ELEMENTS_ELEMENT_CHECKCONTENT_IBLOCK_SECTION_RIGHT_MARGIN] => 4
    [IBLOCK_ELEMENTS_ELEMENT_CHECKCONTENT_IBLOCK_SECTION_DEPTH_LEVEL] => 3
    [IBLOCK_ELEMENTS_ELEMENT_CHECKCONTENT_IBLOCK_SECTION_DESCRIPTION] => 
    [IBLOCK_ELEMENTS_ELEMENT_CHECKCONTENT_IBLOCK_SECTION_DESCRIPTION_TYPE] => text
    [IBLOCK_ELEMENTS_ELEMENT_CHECKCONTENT_IBLOCK_SECTION_SEARCHABLE_CONTENT] => 1 ЭТАП: УСТАНОВКА РАМ, МОСТОВ, ДВС

    [IBLOCK_ELEMENTS_ELEMENT_CHECKCONTENT_IBLOCK_SECTION_CODE] => 1
    [IBLOCK_ELEMENTS_ELEMENT_CHECKCONTENT_IBLOCK_SECTION_XML_ID] => v2.1
    [IBLOCK_ELEMENTS_ELEMENT_CHECKCONTENT_IBLOCK_SECTION_TMP_ID] => 
    [IBLOCK_ELEMENTS_ELEMENT_CHECKCONTENT_IBLOCK_SECTION_DETAIL_PICTURE] => 
    [IBLOCK_ELEMENTS_ELEMENT_CHECKCONTENT_IBLOCK_SECTION_SOCNET_GROUP_ID] => 
)

------------------------

------------------------
2024.05.23 17:43:15
element
Array
(
    [ID] => 2576
    [NAME] => Проверка маркировки предыдущего этапа перед этапом сборки
    [CODE] => 0.1
    [PREVIEW_TEXT] => 1. Установлен гидроцилиндр рулевой, резьбовые соединения промаркированы.
    [MODIFIED_BY] => 570
    [IBLOCK_ELEMENTS_ELEMENT_CHECKCONTENT_MORE_PHOTE_FILE_ID] => 5806
    [IBLOCK_ELEMENTS_ELEMENT_CHECKCONTENT_MORE_PHOTE_FILE_TIMESTAMP_X] => Bitrix\Main\Type\DateTime Object
        (
            [value:protected] => DateTime Object
                (
                    [date] => 2024-04-10 15:08:22.000000
                    [timezone_type] => 3
                    [timezone] => Europe/Moscow
                )

            [userTimeEnabled:protected] => 1
        )

    [IBLOCK_ELEMENTS_ELEMENT_CHECKCONTENT_MORE_PHOTE_FILE_MODULE_ID] => iblock
    [IBLOCK_ELEMENTS_ELEMENT_CHECKCONTENT_MORE_PHOTE_FILE_HEIGHT] => 1280
    [IBLOCK_ELEMENTS_ELEMENT_CHECKCONTENT_MORE_PHOTE_FILE_WIDTH] => 1280
    [IBLOCK_ELEMENTS_ELEMENT_CHECKCONTENT_MORE_PHOTE_FILE_FILE_SIZE] => 2749981
    [IBLOCK_ELEMENTS_ELEMENT_CHECKCONTENT_MORE_PHOTE_FILE_CONTENT_TYPE] => image/png
    [IBLOCK_ELEMENTS_ELEMENT_CHECKCONTENT_MORE_PHOTE_FILE_SUBDIR] => iblock/855/ypwqm6u4hd2fkjnzrnsab3ryj1ivrh93
    [IBLOCK_ELEMENTS_ELEMENT_CHECKCONTENT_MORE_PHOTE_FILE_FILE_NAME] => 7.2.drawio.png
    [IBLOCK_ELEMENTS_ELEMENT_CHECKCONTENT_MORE_PHOTE_FILE_ORIGINAL_NAME] => 7.2.drawio.png
    [IBLOCK_ELEMENTS_ELEMENT_CHECKCONTENT_MORE_PHOTE_FILE_DESCRIPTION] => 
    [IBLOCK_ELEMENTS_ELEMENT_CHECKCONTENT_MORE_PHOTE_FILE_HANDLER_ID] => 
    [IBLOCK_ELEMENTS_ELEMENT_CHECKCONTENT_MORE_PHOTE_FILE_EXTERNAL_ID] => 36ca6b08405687bdfca1c73dc78a2ebd
    [IBLOCK_ELEMENTS_ELEMENT_CHECKCONTENT_IBLOCK_SECTION_ID] => 164
    [IBLOCK_ELEMENTS_ELEMENT_CHECKCONTENT_IBLOCK_SECTION_TIMESTAMP_X] => Bitrix\Main\Type\DateTime Object
        (
            [value:protected] => DateTime Object
                (
                    [date] => 2024-05-23 11:56:17.000000
                    [timezone_type] => 3
                    [timezone] => Europe/Moscow
                )

            [userTimeEnabled:protected] => 1
        )

    [IBLOCK_ELEMENTS_ELEMENT_CHECKCONTENT_IBLOCK_SECTION_MODIFIED_BY] => 607
    [IBLOCK_ELEMENTS_ELEMENT_CHECKCONTENT_IBLOCK_SECTION_DATE_CREATE] => Bitrix\Main\Type\DateTime Object
        (
            [value:protected] => DateTime Object
                (
                    [date] => 2023-12-27 11:12:44.000000
                    [timezone_type] => 3
                    [timezone] => Europe/Moscow
                )

            [userTimeEnabled:protected] => 1
        )

    [IBLOCK_ELEMENTS_ELEMENT_CHECKCONTENT_IBLOCK_SECTION_CREATED_BY] => 379
    [IBLOCK_ELEMENTS_ELEMENT_CHECKCONTENT_IBLOCK_SECTION_IBLOCK_ID] => 59
    [IBLOCK_ELEMENTS_ELEMENT_CHECKCONTENT_IBLOCK_SECTION_IBLOCK_SECTION_ID] => 156
    [IBLOCK_ELEMENTS_ELEMENT_CHECKCONTENT_IBLOCK_SECTION_ACTIVE] => Y
    [IBLOCK_ELEMENTS_ELEMENT_CHECKCONTENT_IBLOCK_SECTION_GLOBAL_ACTIVE] => Y
    [IBLOCK_ELEMENTS_ELEMENT_CHECKCONTENT_IBLOCK_SECTION_SORT] => 3
    [IBLOCK_ELEMENTS_ELEMENT_CHECKCONTENT_IBLOCK_SECTION_NAME] => 3 Этап: установка моторного отсека
    [IBLOCK_ELEMENTS_ELEMENT_CHECKCONTENT_IBLOCK_SECTION_PICTURE] => 
    [IBLOCK_ELEMENTS_ELEMENT_CHECKCONTENT_IBLOCK_SECTION_LEFT_MARGIN] => 7
    [IBLOCK_ELEMENTS_ELEMENT_CHECKCONTENT_IBLOCK_SECTION_RIGHT_MARGIN] => 8
    [IBLOCK_ELEMENTS_ELEMENT_CHECKCONTENT_IBLOCK_SECTION_DEPTH_LEVEL] => 3
    [IBLOCK_ELEMENTS_ELEMENT_CHECKCONTENT_IBLOCK_SECTION_DESCRIPTION] => 
    [IBLOCK_ELEMENTS_ELEMENT_CHECKCONTENT_IBLOCK_SECTION_DESCRIPTION_TYPE] => text
    [IBLOCK_ELEMENTS_ELEMENT_CHECKCONTENT_IBLOCK_SECTION_SEARCHABLE_CONTENT] => 3 ЭТАП: УСТАНОВКА МОТОРНОГО ОТСЕКА

    [IBLOCK_ELEMENTS_ELEMENT_CHECKCONTENT_IBLOCK_SECTION_CODE] => 3
    [IBLOCK_ELEMENTS_ELEMENT_CHECKCONTENT_IBLOCK_SECTION_XML_ID] => v1.5
    [IBLOCK_ELEMENTS_ELEMENT_CHECKCONTENT_IBLOCK_SECTION_TMP_ID] => 
    [IBLOCK_ELEMENTS_ELEMENT_CHECKCONTENT_IBLOCK_SECTION_DETAIL_PICTURE] => 
    [IBLOCK_ELEMENTS_ELEMENT_CHECKCONTENT_IBLOCK_SECTION_SOCNET_GROUP_ID] => 
)

------------------------

------------------------
2024.05.23 17:46:43
element
Array
(
    [ID] => 2576
    [NAME] => Проверка маркировки предыдущего этапа перед этапом сборки
    [CODE] => 0.1
    [PREVIEW_TEXT] => 1. Установлен гидроцилиндр рулевой, резьбовые соединения промаркированы.
    [MODIFIED_BY] => 570
    [IBLOCK_ELEMENTS_ELEMENT_CHECKCONTENT_MORE_PHOTE_FILE_ID] => 5806
    [IBLOCK_ELEMENTS_ELEMENT_CHECKCONTENT_MORE_PHOTE_FILE_TIMESTAMP_X] => Bitrix\Main\Type\DateTime Object
        (
            [value:protected] => DateTime Object
                (
                    [date] => 2024-04-10 15:08:22.000000
                    [timezone_type] => 3
                    [timezone] => Europe/Moscow
                )

            [userTimeEnabled:protected] => 1
        )

    [IBLOCK_ELEMENTS_ELEMENT_CHECKCONTENT_MORE_PHOTE_FILE_MODULE_ID] => iblock
    [IBLOCK_ELEMENTS_ELEMENT_CHECKCONTENT_MORE_PHOTE_FILE_HEIGHT] => 1280
    [IBLOCK_ELEMENTS_ELEMENT_CHECKCONTENT_MORE_PHOTE_FILE_WIDTH] => 1280
    [IBLOCK_ELEMENTS_ELEMENT_CHECKCONTENT_MORE_PHOTE_FILE_FILE_SIZE] => 2749981
    [IBLOCK_ELEMENTS_ELEMENT_CHECKCONTENT_MORE_PHOTE_FILE_CONTENT_TYPE] => image/png
    [IBLOCK_ELEMENTS_ELEMENT_CHECKCONTENT_MORE_PHOTE_FILE_SUBDIR] => iblock/855/ypwqm6u4hd2fkjnzrnsab3ryj1ivrh93
    [IBLOCK_ELEMENTS_ELEMENT_CHECKCONTENT_MORE_PHOTE_FILE_FILE_NAME] => 7.2.drawio.png
    [IBLOCK_ELEMENTS_ELEMENT_CHECKCONTENT_MORE_PHOTE_FILE_ORIGINAL_NAME] => 7.2.drawio.png
    [IBLOCK_ELEMENTS_ELEMENT_CHECKCONTENT_MORE_PHOTE_FILE_DESCRIPTION] => 
    [IBLOCK_ELEMENTS_ELEMENT_CHECKCONTENT_MORE_PHOTE_FILE_HANDLER_ID] => 
    [IBLOCK_ELEMENTS_ELEMENT_CHECKCONTENT_MORE_PHOTE_FILE_EXTERNAL_ID] => 36ca6b08405687bdfca1c73dc78a2ebd
    [IBLOCK_ELEMENTS_ELEMENT_CHECKCONTENT_IBLOCK_SECTION_ID] => 164
    [IBLOCK_ELEMENTS_ELEMENT_CHECKCONTENT_IBLOCK_SECTION_TIMESTAMP_X] => Bitrix\Main\Type\DateTime Object
        (
            [value:protected] => DateTime Object
                (
                    [date] => 2024-05-23 11:56:17.000000
                    [timezone_type] => 3
                    [timezone] => Europe/Moscow
                )

            [userTimeEnabled:protected] => 1
        )

    [IBLOCK_ELEMENTS_ELEMENT_CHECKCONTENT_IBLOCK_SECTION_MODIFIED_BY] => 607
    [IBLOCK_ELEMENTS_ELEMENT_CHECKCONTENT_IBLOCK_SECTION_DATE_CREATE] => Bitrix\Main\Type\DateTime Object
        (
            [value:protected] => DateTime Object
                (
                    [date] => 2023-12-27 11:12:44.000000
                    [timezone_type] => 3
                    [timezone] => Europe/Moscow
                )

            [userTimeEnabled:protected] => 1
        )

    [IBLOCK_ELEMENTS_ELEMENT_CHECKCONTENT_IBLOCK_SECTION_CREATED_BY] => 379
    [IBLOCK_ELEMENTS_ELEMENT_CHECKCONTENT_IBLOCK_SECTION_IBLOCK_ID] => 59
    [IBLOCK_ELEMENTS_ELEMENT_CHECKCONTENT_IBLOCK_SECTION_IBLOCK_SECTION_ID] => 156
    [IBLOCK_ELEMENTS_ELEMENT_CHECKCONTENT_IBLOCK_SECTION_ACTIVE] => Y
    [IBLOCK_ELEMENTS_ELEMENT_CHECKCONTENT_IBLOCK_SECTION_GLOBAL_ACTIVE] => Y
    [IBLOCK_ELEMENTS_ELEMENT_CHECKCONTENT_IBLOCK_SECTION_SORT] => 3
    [IBLOCK_ELEMENTS_ELEMENT_CHECKCONTENT_IBLOCK_SECTION_NAME] => 3 Этап: установка моторного отсека
    [IBLOCK_ELEMENTS_ELEMENT_CHECKCONTENT_IBLOCK_SECTION_PICTURE] => 
    [IBLOCK_ELEMENTS_ELEMENT_CHECKCONTENT_IBLOCK_SECTION_LEFT_MARGIN] => 7
    [IBLOCK_ELEMENTS_ELEMENT_CHECKCONTENT_IBLOCK_SECTION_RIGHT_MARGIN] => 8
    [IBLOCK_ELEMENTS_ELEMENT_CHECKCONTENT_IBLOCK_SECTION_DEPTH_LEVEL] => 3
    [IBLOCK_ELEMENTS_ELEMENT_CHECKCONTENT_IBLOCK_SECTION_DESCRIPTION] => 
    [IBLOCK_ELEMENTS_ELEMENT_CHECKCONTENT_IBLOCK_SECTION_DESCRIPTION_TYPE] => text
    [IBLOCK_ELEMENTS_ELEMENT_CHECKCONTENT_IBLOCK_SECTION_SEARCHABLE_CONTENT] => 3 ЭТАП: УСТАНОВКА МОТОРНОГО ОТСЕКА

    [IBLOCK_ELEMENTS_ELEMENT_CHECKCONTENT_IBLOCK_SECTION_CODE] => 3
    [IBLOCK_ELEMENTS_ELEMENT_CHECKCONTENT_IBLOCK_SECTION_XML_ID] => v1.5
    [IBLOCK_ELEMENTS_ELEMENT_CHECKCONTENT_IBLOCK_SECTION_TMP_ID] => 
    [IBLOCK_ELEMENTS_ELEMENT_CHECKCONTENT_IBLOCK_SECTION_DETAIL_PICTURE] => 
    [IBLOCK_ELEMENTS_ELEMENT_CHECKCONTENT_IBLOCK_SECTION_SOCNET_GROUP_ID] => 
)

------------------------

------------------------
2024.05.23 17:49:50
element
Array
(
    [ID] => 2576
    [NAME] => Проверка маркировки предыдущего этапа перед этапом сборки
    [CODE] => 0.1
    [PREVIEW_TEXT] => 1. Установлен гидроцилиндр рулевой, резьбовые соединения промаркированы.
    [MODIFIED_BY] => 570
    [IBLOCK_ELEMENTS_ELEMENT_CHECKCONTENT_MORE_PHOTE_FILE_ID] => 5806
    [IBLOCK_ELEMENTS_ELEMENT_CHECKCONTENT_MORE_PHOTE_FILE_TIMESTAMP_X] => Bitrix\Main\Type\DateTime Object
        (
            [value:protected] => DateTime Object
                (
                    [date] => 2024-04-10 15:08:22.000000
                    [timezone_type] => 3
                    [timezone] => Europe/Moscow
                )

            [userTimeEnabled:protected] => 1
        )

    [IBLOCK_ELEMENTS_ELEMENT_CHECKCONTENT_MORE_PHOTE_FILE_MODULE_ID] => iblock
    [IBLOCK_ELEMENTS_ELEMENT_CHECKCONTENT_MORE_PHOTE_FILE_HEIGHT] => 1280
    [IBLOCK_ELEMENTS_ELEMENT_CHECKCONTENT_MORE_PHOTE_FILE_WIDTH] => 1280
    [IBLOCK_ELEMENTS_ELEMENT_CHECKCONTENT_MORE_PHOTE_FILE_FILE_SIZE] => 2749981
    [IBLOCK_ELEMENTS_ELEMENT_CHECKCONTENT_MORE_PHOTE_FILE_CONTENT_TYPE] => image/png
    [IBLOCK_ELEMENTS_ELEMENT_CHECKCONTENT_MORE_PHOTE_FILE_SUBDIR] => iblock/855/ypwqm6u4hd2fkjnzrnsab3ryj1ivrh93
    [IBLOCK_ELEMENTS_ELEMENT_CHECKCONTENT_MORE_PHOTE_FILE_FILE_NAME] => 7.2.drawio.png
    [IBLOCK_ELEMENTS_ELEMENT_CHECKCONTENT_MORE_PHOTE_FILE_ORIGINAL_NAME] => 7.2.drawio.png
    [IBLOCK_ELEMENTS_ELEMENT_CHECKCONTENT_MORE_PHOTE_FILE_DESCRIPTION] => 
    [IBLOCK_ELEMENTS_ELEMENT_CHECKCONTENT_MORE_PHOTE_FILE_HANDLER_ID] => 
    [IBLOCK_ELEMENTS_ELEMENT_CHECKCONTENT_MORE_PHOTE_FILE_EXTERNAL_ID] => 36ca6b08405687bdfca1c73dc78a2ebd
    [IBLOCK_ELEMENTS_ELEMENT_CHECKCONTENT_IBLOCK_SECTION_ID] => 164
    [IBLOCK_ELEMENTS_ELEMENT_CHECKCONTENT_IBLOCK_SECTION_TIMESTAMP_X] => Bitrix\Main\Type\DateTime Object
        (
            [value:protected] => DateTime Object
                (
                    [date] => 2024-05-23 11:56:17.000000
                    [timezone_type] => 3
                    [timezone] => Europe/Moscow
                )

            [userTimeEnabled:protected] => 1
        )

    [IBLOCK_ELEMENTS_ELEMENT_CHECKCONTENT_IBLOCK_SECTION_MODIFIED_BY] => 607
    [IBLOCK_ELEMENTS_ELEMENT_CHECKCONTENT_IBLOCK_SECTION_DATE_CREATE] => Bitrix\Main\Type\DateTime Object
        (
            [value:protected] => DateTime Object
                (
                    [date] => 2023-12-27 11:12:44.000000
                    [timezone_type] => 3
                    [timezone] => Europe/Moscow
                )

            [userTimeEnabled:protected] => 1
        )

    [IBLOCK_ELEMENTS_ELEMENT_CHECKCONTENT_IBLOCK_SECTION_CREATED_BY] => 379
    [IBLOCK_ELEMENTS_ELEMENT_CHECKCONTENT_IBLOCK_SECTION_IBLOCK_ID] => 59
    [IBLOCK_ELEMENTS_ELEMENT_CHECKCONTENT_IBLOCK_SECTION_IBLOCK_SECTION_ID] => 156
    [IBLOCK_ELEMENTS_ELEMENT_CHECKCONTENT_IBLOCK_SECTION_ACTIVE] => Y
    [IBLOCK_ELEMENTS_ELEMENT_CHECKCONTENT_IBLOCK_SECTION_GLOBAL_ACTIVE] => Y
    [IBLOCK_ELEMENTS_ELEMENT_CHECKCONTENT_IBLOCK_SECTION_SORT] => 3
    [IBLOCK_ELEMENTS_ELEMENT_CHECKCONTENT_IBLOCK_SECTION_NAME] => 3 Этап: установка моторного отсека
    [IBLOCK_ELEMENTS_ELEMENT_CHECKCONTENT_IBLOCK_SECTION_PICTURE] => 
    [IBLOCK_ELEMENTS_ELEMENT_CHECKCONTENT_IBLOCK_SECTION_LEFT_MARGIN] => 7
    [IBLOCK_ELEMENTS_ELEMENT_CHECKCONTENT_IBLOCK_SECTION_RIGHT_MARGIN] => 8
    [IBLOCK_ELEMENTS_ELEMENT_CHECKCONTENT_IBLOCK_SECTION_DEPTH_LEVEL] => 3
    [IBLOCK_ELEMENTS_ELEMENT_CHECKCONTENT_IBLOCK_SECTION_DESCRIPTION] => 
    [IBLOCK_ELEMENTS_ELEMENT_CHECKCONTENT_IBLOCK_SECTION_DESCRIPTION_TYPE] => text
    [IBLOCK_ELEMENTS_ELEMENT_CHECKCONTENT_IBLOCK_SECTION_SEARCHABLE_CONTENT] => 3 ЭТАП: УСТАНОВКА МОТОРНОГО ОТСЕКА

    [IBLOCK_ELEMENTS_ELEMENT_CHECKCONTENT_IBLOCK_SECTION_CODE] => 3
    [IBLOCK_ELEMENTS_ELEMENT_CHECKCONTENT_IBLOCK_SECTION_XML_ID] => v1.5
    [IBLOCK_ELEMENTS_ELEMENT_CHECKCONTENT_IBLOCK_SECTION_TMP_ID] => 
    [IBLOCK_ELEMENTS_ELEMENT_CHECKCONTENT_IBLOCK_SECTION_DETAIL_PICTURE] => 
    [IBLOCK_ELEMENTS_ELEMENT_CHECKCONTENT_IBLOCK_SECTION_SOCNET_GROUP_ID] => 
)

------------------------
